2023.04.20 19:59:43 INFO  Started: Metals version 0.11.11 in workspace '/home/adgert/Desktop/test/my-git-test' for client Visual Studio Code 1.77.3.[0m
SLF4J: No SLF4J providers were found.
SLF4J: Defaulting to no-operation (NOP) logger implementation
SLF4J: See https://www.slf4j.org/codes.html#noProviders for further details.
SLF4J: Class path contains SLF4J bindings targeting slf4j-api versions 1.7.x or earlier.
SLF4J: Ignoring binding found at [jar:file:/home/adgert/.cache/coursier/v1/https/repo1.maven.org/maven2/com/outr/scribe-slf4j_2.13/3.11.0/scribe-slf4j_2.13-3.11.0.jar!/org/slf4j/impl/StaticLoggerBinder.class]
SLF4J: See https://www.slf4j.org/codes.html#ignoredBindings for an explanation.
2023.04.20 19:59:44 INFO  time: initialize in 0.29s[0m
2023.04.20 19:59:44 WARN  Build server is not auto-connectable.[0m
2023.04.20 19:59:44 WARN  no build tool detected in workspace '/home/adgert/Desktop/test/my-git-test'. The most common cause for this problem is that the editor was opened in the wrong working directory, for example if you use sbt then the workspace directory should contain build.sbt. [0m
2023.04.20 19:59:44 WARN  no build target for: /home/adgert/Desktop/test/my-git-test/scala3-test/main.scala[0m
2023.04.20 20:01:25 INFO  no build target found for /home/adgert/Desktop/test/my-git-test/scala3-test/main.scala. Using presentation compiler with project's scala-library version: 3.2.2[0m
Apr 20, 2023 8:01:25 PM org.eclipse.lsp4j.jsonrpc.RemoteEndpoint handleCancellation
WARNING: Unmatched cancel notification for request id 9
Apr 20, 2023 8:01:25 PM org.eclipse.lsp4j.jsonrpc.RemoteEndpoint handleCancellation
WARNING: Unmatched cancel notification for request id 10
Apr 20, 2023 8:01:25 PM org.eclipse.lsp4j.jsonrpc.RemoteEndpoint handleCancellation
WARNING: Unmatched cancel notification for request id 11
Apr 20, 2023 8:01:25 PM org.eclipse.lsp4j.jsonrpc.RemoteEndpoint handleCancellation
WARNING: Unmatched cancel notification for request id 13
Apr 20, 2023 8:01:25 PM org.eclipse.lsp4j.jsonrpc.RemoteEndpoint handleCancellation
WARNING: Unmatched cancel notification for request id 14
Apr 20, 2023 8:01:25 PM org.eclipse.lsp4j.jsonrpc.RemoteEndpoint handleCancellation
WARNING: Unmatched cancel notification for request id 15
Apr 20, 2023 8:01:25 PM org.eclipse.lsp4j.jsonrpc.RemoteEndpoint handleCancellation
WARNING: Unmatched cancel notification for request id 20
Apr 20, 2023 8:01:25 PM org.eclipse.lsp4j.jsonrpc.RemoteEndpoint handleCancellation
WARNING: Unmatched cancel notification for request id 21
Apr 20, 2023 8:01:25 PM org.eclipse.lsp4j.jsonrpc.RemoteEndpoint handleCancellation
WARNING: Unmatched cancel notification for request id 22
Apr 20, 2023 8:01:25 PM org.eclipse.lsp4j.jsonrpc.services.GenericEndpoint notify
INFO: Unsupported notification method: $/setTrace
2023.04.20 20:01:25 INFO  time: code lens generation in 1m39s[0m
2023.04.20 20:01:25 INFO  time: code lens generation in 1m41s[0m
2023.04.20 20:02:24 WARN  no build target for: /home/adgert/Desktop/test/my-git-test/scala3-test/main.scala[0m
Exception in thread "pool-3-thread-1" java.lang.InterruptedException
	at scala.meta.internal.metals.FutureCancelToken.checkCanceled(FutureCancelToken.scala:29)
	at scala.meta.internal.pc.CompilerAccess.onCompilerJobQueue$$anonfun$1(CompilerAccess.scala:195)
	at scala.meta.internal.pc.CompilerJobQueue$Job.run(CompilerJobQueue.scala:152)
	at java.base/java.util.concurrent.ThreadPoolExecutor.runWorker(ThreadPoolExecutor.java:1136)
	at java.base/java.util.concurrent.ThreadPoolExecutor$Worker.run(ThreadPoolExecutor.java:635)
	at java.base/java.lang.Thread.run(Thread.java:833)
2023.04.20 20:02:25 WARN  no build target for: /home/adgert/Desktop/test/my-git-test/scala3-test/main.scala[0m
